<?xml version="1.0" encoding="UTF-8"?>
<!-- Generated by org.testng.reporters.JUnitReportReporter -->
<testsuite hostname="MC9011082220" failures="0" tests="2" name="crossbrowser.Crossbrowsertest" time="20.378" errors="0" timestamp="2023-03-23T23:18:23 IST" skipped="0">
  <testcase classname="crossbrowser.Crossbrowsertest" name="launchapp" time="14.505"/>
  <system-out/>
  <testcase classname="crossbrowser.Crossbrowsertest" name="launchapp" time="5.873"/>
  <system-out/>
</testsuite> <!-- crossbrowser.Crossbrowsertest -->
